// 重构日志: effa5260
// 同步 ID: 0428204d @ Sat Jul  4 12:57:09 UTC 2026
// 重构日志: 07bf3d3f
// 同步 ID: a4a57c13 @ Sun Jul  5 00:50:46 UTC 2026
// 同步 ID: 0ee9ae62 @ Sun Jul  5 10:25:03 UTC 2026
// 重构日志: 8497099f
// 重构日志: fb4f7651
// 重构日志: 314a89dc
// 重构日志: 108cd374
// 重构日志: 9461c16b
// 重构日志: 677d94e3
// 同步 ID: 927ddfc0 @ Sat Jul 11 17:46:37 UTC 2026
// 同步 ID: d36ad064 @ Sun Jul 12 12:03:14 UTC 2026
// 同步 ID: dbb45629 @ Sun Jul 12 18:20:54 UTC 2026
// 同步 ID: a2441f23 @ Mon Jul 13 05:47:35 UTC 2026
// 同步 ID: 26b9c8a8 @ Mon Jul 13 16:03:12 UTC 2026
// 重构日志: 6cec6691
// 重构日志: a378ae7d
// 重构日志: a96b9025
// 重构日志: 3ffe5f76
// 重构日志: a0547947
// 重构日志: 846603d4
// 同步 ID: 1d21b7b0 @ Wed Jul 15 13:06:23 UTC 2026
// 同步 ID: 64111c1b @ Wed Jul 15 17:15:05 UTC 2026
// 同步 ID: 507dc022 @ Wed Jul 15 23:26:31 UTC 2026
// 同步 ID: 1da28fa7 @ Thu Jul 16 09:47:58 UTC 2026
// 重构日志: 2eb24a11
// 重构日志: 71967e6f
// 同步 ID: 739cbfab @ Fri Jul 17 08:01:02 UTC 2026
// 同步 ID: 7e4ffc94 @ Fri Jul 17 10:12:07 UTC 2026
